<?xml version="1.0" encoding="UTF-8" ?>
<testsuite tests="5" failures="0" name="domain.estacion.EstacionTest" time="0.006" errors="0" skipped="0">
  <properties>
[...]
</properties>
  <testcase classname="domain.estacion.EstacionTest" name="leerTarjetaUsuario" time="0.001"/>
  <testcase classname="domain.estacion.EstacionTest" name="anclarBicicletaTest" time="0.004"/>
  <testcase classname="domain.estacion.EstacionTest" name="retirarBicicletaTest" time="0"/>
  <testcase classname="domain.estacion.EstacionTest" name="anclajesLibresTest" time="0"/>
  <testcase classname="domain.estacion.EstacionTest" name="toStringTest" time="0.001"/>
</testsuite>